<?xml version="1.0" encoding="UTF-8"?>
<!-- Generated by org.testng.reporters.JUnitReportReporter -->
<testsuite hostname="DELL-GLFFKN3-PIT" failures="0" tests="16" name="restAssured.Config.AirtimeTopUp" time="14.584" errors="0" timestamp="2023-10-30T18:16:58 GMT" skipped="0">
  <testcase classname="restAssured.Config.AirtimeTopUp" name="HomeScreen_Airtime" time="0.568"/>
  <testcase classname="restAssured.Config.AirtimeTopUp" name="HomeScreen_Airtime" time="1.681"/>
  <testcase classname="restAssured.Config.AirtimeTopUp" name="EnterPin_Airtime" time="0.293"/>
  <testcase classname="restAssured.Config.AirtimeTopUp" name="EnterPin_Airtime" time="0.314"/>
  <testcase classname="restAssured.Config.AirtimeTopUp" name="AirtimeTopUp" time="3.737"/>
  <testcase classname="restAssured.Config.AirtimeTopUp" name="AirtimeTopUp" time="2.475"/>
  <testcase classname="restAssured.Config.AirtimeTopUp" name="AirtimeReceiver" time="0.496"/>
  <testcase classname="restAssured.Config.AirtimeTopUp" name="AirtimeReceiver" time="0.378"/>
  <testcase classname="restAssured.Config.AirtimeTopUp" name="AirtimeAmount" time="0.318"/>
  <testcase classname="restAssured.Config.AirtimeTopUp" name="AirtimeAmount" time="0.338"/>
  <testcase classname="restAssured.Config.AirtimeTopUp" name="SelectPaymentWallet" time="0.298"/>
  <testcase classname="restAssured.Config.AirtimeTopUp" name="SelectPaymentWallet" time="0.308"/>
  <testcase classname="restAssured.Config.AirtimeTopUp" name="ConfirmPayments" time="1.658"/>
  <testcase classname="restAssured.Config.AirtimeTopUp" name="ConfirmPayments" time="0.970"/>
  <testcase classname="restAssured.Config.AirtimeTopUp" name="TerminateUSSD" time="0.297"/>
  <testcase classname="restAssured.Config.AirtimeTopUp" name="TerminateUSSD" time="0.455"/>
</testsuite> <!-- restAssured.Config.AirtimeTopUp -->
